         ps   /test_counter_5bit/button1  /test_counter_5bit/led4              
                /test_counter_5bit/button4  /test_counter_5bit/led5            
                     /test_counter_5bit/led1   /test_counter_5bit/vcc          
                       /test_counter_5bit/led2                                 
                         /test_counter_5bit/led3                               
          0                            0 U 0 0 0                0 0 1 
      10000                            1 U 1 0 0                0 0 1 
      20000                            0 U 1 0 0                0 0 1 
      30000                            1 U 0 1 0                0 0 1 
      40000                            0 U 0 1 0                0 0 1 
      50000                            1 U 1 1 0                0 0 1 
      60000                            0 U 1 1 0                0 0 1 
      70000                            1 U 0 0 1                0 0 1 
      80000                            0 U 0 0 1                0 0 1 
      90000                            1 U 1 0 1                0 0 1 
     100000                            0 U 1 0 1                0 0 1 
     110000                            1 U 0 1 1                0 0 1 
     120000                            0 U 0 1 1                0 0 1 
     130000                            1 U 1 1 1                0 0 1 
     140000                            0 U 1 1 1                0 0 1 
     150000                            1 U 0 0 0                1 0 1 
     160000                            0 U 0 0 0                1 0 1 
     170000                            1 U 1 0 0                1 0 1 
     180000                            0 U 1 0 0                1 0 1 
     190000                            1 U 0 1 0                1 0 1 
     200000                            0 U 0 1 0                1 0 1 
     210000                            1 U 1 1 0                1 0 1 
     220000                            0 U 1 1 0                1 0 1 
     230000                            1 U 0 0 1                1 0 1 
     240000                            0 U 0 0 1                1 0 1 
     250000                            1 U 1 0 1                1 0 1 
     260000                            0 U 1 0 1                1 0 1 
     270000                            1 U 0 1 1                1 0 1 
     280000                            0 U 0 1 1                1 0 1 
     290000                            1 U 1 1 1                1 0 1 
     300000                            0 U 1 1 1                1 0 1 
     310000                            1 U 0 0 0                0 1 1 
     320000                            0 U 0 0 0                0 1 1 
     330000                            1 U 1 0 0                0 1 1 
     340000                            0 U 1 0 0                0 1 1 
     350000                            1 U 0 1 0                0 1 1 
     360000                            0 U 0 1 0                0 1 1 
     370000                            1 U 1 1 0                0 1 1 
     380000                            0 U 1 1 0                0 1 1 
     390000                            1 U 0 0 1                0 1 1 
     400000                            0 U 0 0 1                0 1 1 
     410000                            1 U 1 0 1                0 1 1 
     420000                            0 U 1 0 1                0 1 1 
     430000                            1 U 0 1 1                0 1 1 
     440000                            0 U 0 1 1                0 1 1 
     450000                            1 U 1 1 1                0 1 1 
     460000                            0 U 1 1 1                0 1 1 
     470000                            1 U 0 0 0                1 1 1 
     480000                            0 U 0 0 0                1 1 1 
     490000                            1 U 1 0 0                1 1 1 
     500000                            0 U 1 0 0                1 1 1 
     510000                            1 U 0 1 0                1 1 1 
     520000                            0 U 0 1 0                1 1 1 
     530000                            1 U 1 1 0                1 1 1 
     540000                            0 U 1 1 0                1 1 1 
     550000                            1 U 0 0 1                1 1 1 
     560000                            0 U 0 0 1                1 1 1 
     570000                            1 U 1 0 1                1 1 1 
     580000                            0 U 1 0 1                1 1 1 
     590000                            1 U 0 1 1                1 1 1 
     600000                            0 U 0 1 1                1 1 1 
     610000                            1 U 1 1 1                1 1 1 
     620000                            0 U 1 1 1                1 1 1 
     630000                            1 U 0 0 0                0 0 1 
     640000                            0 U 0 0 0                0 0 1 
     650000                            1 U 1 0 0                0 0 1 
     660000                            0 U 1 0 0                0 0 1 
     670000                            1 U 0 1 0                0 0 1 
     680000                            0 U 0 1 0                0 0 1 
     690000                            1 U 1 1 0                0 0 1 
     700000                            0 U 1 1 0                0 0 1 
     710000                            1 U 0 0 1                0 0 1 
     720000                            0 U 0 0 1                0 0 1 
     730000                            1 U 1 0 1                0 0 1 
     740000                            0 U 1 0 1                0 0 1 
     750000                            1 U 0 1 1                0 0 1 
     760000                            0 U 0 1 1                0 0 1 
     770000                            1 U 1 1 1                0 0 1 
     780000                            0 U 1 1 1                0 0 1 
     790000                            1 U 0 0 0                1 0 1 
     800000                            0 U 0 0 0                1 0 1 
     810000                            1 U 1 0 0                1 0 1 
     820000                            0 U 1 0 0                1 0 1 
     830000                            1 U 0 1 0                1 0 1 
     840000                            0 U 0 1 0                1 0 1 
     850000                            1 U 1 1 0                1 0 1 
     860000                            0 U 1 1 0                1 0 1 
     870000                            1 U 0 0 1                1 0 1 
     880000                            0 U 0 0 1                1 0 1 
     890000                            1 U 1 0 1                1 0 1 
     900000                            0 U 1 0 1                1 0 1 
     910000                            1 U 0 1 1                1 0 1 
     920000                            0 U 0 1 1                1 0 1 
     930000                            1 U 1 1 1                1 0 1 
     940000                            0 U 1 1 1                1 0 1 
     950000                            1 U 0 0 0                0 1 1 
     960000                            0 U 0 0 0                0 1 1 
     970000                            1 U 1 0 0                0 1 1 
     980000                            0 U 1 0 0                0 1 1 
     990000                            1 U 0 1 0                0 1 1 
    1000000                            0 U 0 1 0                0 1 1 
