         ps   /test_ring_counter_6bit/button1  /test_ring_counter_6bit/led5           
                   /test_ring_counter_6bit/led1  /test_ring_counter_6bit/led6         
                     /test_ring_counter_6bit/led2                                     
                       /test_ring_counter_6bit/led3                                   
                         /test_ring_counter_6bit/led4                                 
          0                                 U 1 0 0 0                     0 0 
         10                                 0 1 0 0 0                     0 0 
         20                                 1 0 1 0 0                     0 0 
         30                                 0 0 1 0 0                     0 0 
         40                                 1 0 0 1 0                     0 0 
         50                                 0 0 0 1 0                     0 0 
         60                                 1 0 0 0 1                     0 0 
         70                                 0 0 0 0 1                     0 0 
         80                                 1 0 0 0 0                     1 0 
         90                                 0 0 0 0 0                     1 0 
        100                                 1 0 0 0 0                     0 1 
        110                                 0 0 0 0 0                     0 1 
        120                                 1 1 0 0 0                     0 0 
        130                                 0 1 0 0 0                     0 0 
        140                                 1 0 1 0 0                     0 0 
        150                                 0 0 1 0 0                     0 0 
        160                                 1 0 0 1 0                     0 0 
        170                                 0 0 0 1 0                     0 0 
        180                                 1 0 0 0 1                     0 0 
        190                                 0 0 0 0 1                     0 0 
        200                                 1 0 0 0 0                     1 0 
        210                                 0 0 0 0 0                     1 0 
        220                                 1 0 0 0 0                     0 1 
        230                                 0 0 0 0 0                     0 1 
        240                                 1 1 0 0 0                     0 0 
        250                                 0 1 0 0 0                     0 0 
        260                                 1 0 1 0 0                     0 0 
        270                                 0 0 1 0 0                     0 0 
        280                                 1 0 0 1 0                     0 0 
        290                                 0 0 0 1 0                     0 0 
        300                                 1 0 0 0 1                     0 0 
        310                                 0 0 0 0 1                     0 0 
        320                                 1 0 0 0 0                     1 0 
        330                                 0 0 0 0 0                     1 0 
        340                                 1 0 0 0 0                     0 1 
        350                                 0 0 0 0 0                     0 1 
        360                                 1 1 0 0 0                     0 0 
        370                                 0 1 0 0 0                     0 0 
        380                                 1 0 1 0 0                     0 0 
        390                                 0 0 1 0 0                     0 0 
        400                                 1 0 0 1 0                     0 0 
        410                                 0 0 0 1 0                     0 0 
        420                                 1 0 0 0 1                     0 0 
        430                                 0 0 0 0 1                     0 0 
        440                                 1 0 0 0 0                     1 0 
        450                                 0 0 0 0 0                     1 0 
        460                                 1 0 0 0 0                     0 1 
        470                                 0 0 0 0 0                     0 1 
        480                                 1 1 0 0 0                     0 0 
        490                                 0 1 0 0 0                     0 0 
        500                                 1 0 1 0 0                     0 0 
        510                                 0 0 1 0 0                     0 0 
        520                                 1 0 0 1 0                     0 0 
        530                                 0 0 0 1 0                     0 0 
        540                                 1 0 0 0 1                     0 0 
        550                                 0 0 0 0 1                     0 0 
        560                                 1 0 0 0 0                     1 0 
        570                                 0 0 0 0 0                     1 0 
        580                                 1 0 0 0 0                     0 1 
        590                                 0 0 0 0 0                     0 1 
        600                                 1 1 0 0 0                     0 0 
        610                                 0 1 0 0 0                     0 0 
        620                                 1 0 1 0 0                     0 0 
        630                                 0 0 1 0 0                     0 0 
        640                                 1 0 0 1 0                     0 0 
        650                                 0 0 0 1 0                     0 0 
        660                                 1 0 0 0 1                     0 0 
        670                                 0 0 0 0 1                     0 0 
        680                                 1 0 0 0 0                     1 0 
        690                                 0 0 0 0 0                     1 0 
        700                                 1 0 0 0 0                     0 1 
        710                                 0 0 0 0 0                     0 1 
        720                                 1 1 0 0 0                     0 0 
        730                                 0 1 0 0 0                     0 0 
        740                                 1 0 1 0 0                     0 0 
        750                                 0 0 1 0 0                     0 0 
        760                                 1 0 0 1 0                     0 0 
        770                                 0 0 0 1 0                     0 0 
        780                                 1 0 0 0 1                     0 0 
        790                                 0 0 0 0 1                     0 0 
        800                                 1 0 0 0 0                     1 0 
        810                                 0 0 0 0 0                     1 0 
        820                                 1 0 0 0 0                     0 1 
        830                                 0 0 0 0 0                     0 1 
        840                                 1 1 0 0 0                     0 0 
        850                                 0 1 0 0 0                     0 0 
        860                                 1 0 1 0 0                     0 0 
        870                                 0 0 1 0 0                     0 0 
        880                                 1 0 0 1 0                     0 0 
        890                                 0 0 0 1 0                     0 0 
        900                                 1 0 0 0 1                     0 0 
        910                                 0 0 0 0 1                     0 0 
        920                                 1 0 0 0 0                     1 0 
        930                                 0 0 0 0 0                     1 0 
        940                                 1 0 0 0 0                     0 1 
        950                                 0 0 0 0 0                     0 1 
        960                                 1 1 0 0 0                     0 0 
        970                                 0 1 0 0 0                     0 0 
        980                                 1 0 1 0 0                     0 0 
        990                                 0 0 1 0 0                     0 0 
       1000                                 1 0 0 1 0                     0 0 
       1010                                 0 0 0 1 0                     0 0 
       1020                                 1 0 0 0 1                     0 0 
       1030                                 0 0 0 0 1                     0 0 
       1040                                 1 0 0 0 0                     1 0 
       1050                                 0 0 0 0 0                     1 0 
       1060                                 1 0 0 0 0                     0 1 
       1070                                 0 0 0 0 0                     0 1 
       1080                                 1 1 0 0 0                     0 0 
       1090                                 0 1 0 0 0                     0 0 
       1100                                 1 0 1 0 0                     0 0 
       1110                                 0 0 1 0 0                     0 0 
       1120                                 1 0 0 1 0                     0 0 
       1130                                 0 0 0 1 0                     0 0 
       1140                                 1 0 0 0 1                     0 0 
       1150                                 0 0 0 0 1                     0 0 
       1160                                 1 0 0 0 0                     1 0 
       1170                                 0 0 0 0 0                     1 0 
       1180                                 1 0 0 0 0                     0 1 
       1190                                 0 0 0 0 0                     0 1 
       1200                                 1 1 0 0 0                     0 0 
       1210                                 0 1 0 0 0                     0 0 
       1220                                 1 0 1 0 0                     0 0 
       1230                                 0 0 1 0 0                     0 0 
       1240                                 1 0 0 1 0                     0 0 
       1250                                 0 0 0 1 0                     0 0 
       1260                                 1 0 0 0 1                     0 0 
       1270                                 0 0 0 0 1                     0 0 
       1280                                 1 0 0 0 0                     1 0 
       1290                                 0 0 0 0 0                     1 0 
       1300                                 1 0 0 0 0                     0 1 
       1310                                 0 0 0 0 0                     0 1 
       1320                                 1 1 0 0 0                     0 0 
       1330                                 0 1 0 0 0                     0 0 
       1340                                 1 0 1 0 0                     0 0 
       1350                                 0 0 1 0 0                     0 0 
       1360                                 1 0 0 1 0                     0 0 
       1370                                 0 0 0 1 0                     0 0 
       1380                                 1 0 0 0 1                     0 0 
       1390                                 0 0 0 0 1                     0 0 
       1400                                 1 0 0 0 0                     1 0 
       1410                                 0 0 0 0 0                     1 0 
       1420                                 1 0 0 0 0                     0 1 
       1430                                 0 0 0 0 0                     0 1 
       1440                                 1 1 0 0 0                     0 0 
       1450                                 0 1 0 0 0                     0 0 
       1460                                 1 0 1 0 0                     0 0 
       1470                                 0 0 1 0 0                     0 0 
       1480                                 1 0 0 1 0                     0 0 
       1490                                 0 0 0 1 0                     0 0 
       1500                                 1 0 0 0 1                     0 0 
       1510                                 0 0 0 0 1                     0 0 
       1520                                 1 0 0 0 0                     1 0 
       1530                                 0 0 0 0 0                     1 0 
       1540                                 1 0 0 0 0                     0 1 
       1550                                 0 0 0 0 0                     0 1 
       1560                                 1 1 0 0 0                     0 0 
       1570                                 0 1 0 0 0                     0 0 
       1580                                 1 0 1 0 0                     0 0 
       1590                                 0 0 1 0 0                     0 0 
       1600                                 1 0 0 1 0                     0 0 
       1610                                 0 0 0 1 0                     0 0 
       1620                                 1 0 0 0 1                     0 0 
       1630                                 0 0 0 0 1                     0 0 
       1640                                 1 0 0 0 0                     1 0 
       1650                                 0 0 0 0 0                     1 0 
       1660                                 1 0 0 0 0                     0 1 
       1670                                 0 0 0 0 0                     0 1 
       1680                                 1 1 0 0 0                     0 0 
       1690                                 0 1 0 0 0                     0 0 
       1700                                 1 0 1 0 0                     0 0 
       1710                                 0 0 1 0 0                     0 0 
       1720                                 1 0 0 1 0                     0 0 
       1730                                 0 0 0 1 0                     0 0 
       1740                                 1 0 0 0 1                     0 0 
       1750                                 0 0 0 0 1                     0 0 
       1760                                 1 0 0 0 0                     1 0 
       1770                                 0 0 0 0 0                     1 0 
       1780                                 1 0 0 0 0                     0 1 
       1790                                 0 0 0 0 0                     0 1 
       1800                                 1 1 0 0 0                     0 0 
       1810                                 0 1 0 0 0                     0 0 
       1820                                 1 0 1 0 0                     0 0 
       1830                                 0 0 1 0 0                     0 0 
       1840                                 1 0 0 1 0                     0 0 
       1850                                 0 0 0 1 0                     0 0 
       1860                                 1 0 0 0 1                     0 0 
       1870                                 0 0 0 0 1                     0 0 
       1880                                 1 0 0 0 0                     1 0 
       1890                                 0 0 0 0 0                     1 0 
       1900                                 1 0 0 0 0                     0 1 
       1910                                 0 0 0 0 0                     0 1 
       1920                                 1 1 0 0 0                     0 0 
       1930                                 0 1 0 0 0                     0 0 
       1940                                 1 0 1 0 0                     0 0 
       1950                                 0 0 1 0 0                     0 0 
       1960                                 1 0 0 1 0                     0 0 
       1970                                 0 0 0 1 0                     0 0 
       1980                                 1 0 0 0 1                     0 0 
       1990                                 0 0 0 0 1                     0 0 
       2000                                 1 0 0 0 0                     1 0 
       2010                                 0 0 0 0 0                     1 0 
       2020                                 1 0 0 0 0                     0 1 
       2030                                 0 0 0 0 0                     0 1 
       2040                                 1 1 0 0 0                     0 0 
       2050                                 0 1 0 0 0                     0 0 
       2060                                 1 0 1 0 0                     0 0 
       2070                                 0 0 1 0 0                     0 0 
       2080                                 1 0 0 1 0                     0 0 
       2090                                 0 0 0 1 0                     0 0 
       2100                                 1 0 0 0 1                     0 0 
       2110                                 0 0 0 0 1                     0 0 
       2120                                 1 0 0 0 0                     1 0 
       2130                                 0 0 0 0 0                     1 0 
       2140                                 1 0 0 0 0                     0 1 
       2150                                 0 0 0 0 0                     0 1 
       2160                                 1 1 0 0 0                     0 0 
       2170                                 0 1 0 0 0                     0 0 
       2180                                 1 0 1 0 0                     0 0 
       2190                                 0 0 1 0 0                     0 0 
       2200                                 1 0 0 1 0                     0 0 
       2210                                 0 0 0 1 0                     0 0 
       2220                                 1 0 0 0 1                     0 0 
       2230                                 0 0 0 0 1                     0 0 
       2240                                 1 0 0 0 0                     1 0 
       2250                                 0 0 0 0 0                     1 0 
       2260                                 1 0 0 0 0                     0 1 
       2270                                 0 0 0 0 0                     0 1 
       2280                                 1 1 0 0 0                     0 0 
       2290                                 0 1 0 0 0                     0 0 
       2300                                 1 0 1 0 0                     0 0 
       2310                                 0 0 1 0 0                     0 0 
       2320                                 1 0 0 1 0                     0 0 
       2330                                 0 0 0 1 0                     0 0 
       2340                                 1 0 0 0 1                     0 0 
       2350                                 0 0 0 0 1                     0 0 
       2360                                 1 0 0 0 0                     1 0 
       2370                                 0 0 0 0 0                     1 0 
       2380                                 1 0 0 0 0                     0 1 
       2390                                 0 0 0 0 0                     0 1 
       2400                                 1 1 0 0 0                     0 0 
       2410                                 0 1 0 0 0                     0 0 
       2420                                 1 0 1 0 0                     0 0 
       2430                                 0 0 1 0 0                     0 0 
       2440                                 1 0 0 1 0                     0 0 
       2450                                 0 0 0 1 0                     0 0 
       2460                                 1 0 0 0 1                     0 0 
       2470                                 0 0 0 0 1                     0 0 
       2480                                 1 0 0 0 0                     1 0 
       2490                                 0 0 0 0 0                     1 0 
       2500                                 1 0 0 0 0                     0 1 
       2510                                 0 0 0 0 0                     0 1 
       2520                                 1 1 0 0 0                     0 0 
       2530                                 0 1 0 0 0                     0 0 
       2540                                 1 0 1 0 0                     0 0 
       2550                                 0 0 1 0 0                     0 0 
       2560                                 1 0 0 1 0                     0 0 
       2570                                 0 0 0 1 0                     0 0 
       2580                                 1 0 0 0 1                     0 0 
       2590                                 0 0 0 0 1                     0 0 
       2600                                 1 0 0 0 0                     1 0 
       2610                                 0 0 0 0 0                     1 0 
       2620                                 1 0 0 0 0                     0 1 
       2630                                 0 0 0 0 0                     0 1 
       2640                                 1 1 0 0 0                     0 0 
       2650                                 0 1 0 0 0                     0 0 
       2660                                 1 0 1 0 0                     0 0 
       2670                                 0 0 1 0 0                     0 0 
       2680                                 1 0 0 1 0                     0 0 
       2690                                 0 0 0 1 0                     0 0 
       2700                                 1 0 0 0 1                     0 0 
       2710                                 0 0 0 0 1                     0 0 
       2720                                 1 0 0 0 0                     1 0 
       2730                                 0 0 0 0 0                     1 0 
       2740                                 1 0 0 0 0                     0 1 
       2750                                 0 0 0 0 0                     0 1 
       2760                                 1 1 0 0 0                     0 0 
       2770                                 0 1 0 0 0                     0 0 
       2780                                 1 0 1 0 0                     0 0 
       2790                                 0 0 1 0 0                     0 0 
       2800                                 1 0 0 1 0                     0 0 
       2810                                 0 0 0 1 0                     0 0 
       2820                                 1 0 0 0 1                     0 0 
       2830                                 0 0 0 0 1                     0 0 
       2840                                 1 0 0 0 0                     1 0 
       2850                                 0 0 0 0 0                     1 0 
       2860                                 1 0 0 0 0                     0 1 
       2870                                 0 0 0 0 0                     0 1 
       2880                                 1 1 0 0 0                     0 0 
       2890                                 0 1 0 0 0                     0 0 
       2900                                 1 0 1 0 0                     0 0 
       2910                                 0 0 1 0 0                     0 0 
       2920                                 1 0 0 1 0                     0 0 
       2930                                 0 0 0 1 0                     0 0 
       2940                                 1 0 0 0 1                     0 0 
       2950                                 0 0 0 0 1                     0 0 
       2960                                 1 0 0 0 0                     1 0 
       2970                                 0 0 0 0 0                     1 0 
       2980                                 1 0 0 0 0                     0 1 
       2990                                 0 0 0 0 0                     0 1 
       3000                                 1 1 0 0 0                     0 0 
       3010                                 0 1 0 0 0                     0 0 
       3020                                 1 0 1 0 0                     0 0 
       3030                                 0 0 1 0 0                     0 0 
       3040                                 1 0 0 1 0                     0 0 
       3050                                 0 0 0 1 0                     0 0 
       3060                                 1 0 0 0 1                     0 0 
       3070                                 0 0 0 0 1                     0 0 
       3080                                 1 0 0 0 0                     1 0 
       3090                                 0 0 0 0 0                     1 0 
       3100                                 1 0 0 0 0                     0 1 
       3110                                 0 0 0 0 0                     0 1 
       3120                                 1 1 0 0 0                     0 0 
       3130                                 0 1 0 0 0                     0 0 
       3140                                 1 0 1 0 0                     0 0 
       3150                                 0 0 1 0 0                     0 0 
       3160                                 1 0 0 1 0                     0 0 
       3170                                 0 0 0 1 0                     0 0 
       3180                                 1 0 0 0 1                     0 0 
       3190                                 0 0 0 0 1                     0 0 
       3200                                 1 0 0 0 0                     1 0 
       3210                                 0 0 0 0 0                     1 0 
       3220                                 1 0 0 0 0                     0 1 
       3230                                 0 0 0 0 0                     0 1 
       3240                                 1 1 0 0 0                     0 0 
       3250                                 0 1 0 0 0                     0 0 
       3260                                 1 0 1 0 0                     0 0 
       3270                                 0 0 1 0 0                     0 0 
       3280                                 1 0 0 1 0                     0 0 
       3290                                 0 0 0 1 0                     0 0 
       3300                                 1 0 0 0 1                     0 0 
       3310                                 0 0 0 0 1                     0 0 
       3320                                 1 0 0 0 0                     1 0 
       3330                                 0 0 0 0 0                     1 0 
       3340                                 1 0 0 0 0                     0 1 
       3350                                 0 0 0 0 0                     0 1 
       3360                                 1 1 0 0 0                     0 0 
       3370                                 0 1 0 0 0                     0 0 
       3380                                 1 0 1 0 0                     0 0 
       3390                                 0 0 1 0 0                     0 0 
       3400                                 1 0 0 1 0                     0 0 
       3410                                 0 0 0 1 0                     0 0 
       3420                                 1 0 0 0 1                     0 0 
       3430                                 0 0 0 0 1                     0 0 
       3440                                 1 0 0 0 0                     1 0 
       3450                                 0 0 0 0 0                     1 0 
       3460                                 1 0 0 0 0                     0 1 
       3470                                 0 0 0 0 0                     0 1 
       3480                                 1 1 0 0 0                     0 0 
       3490                                 0 1 0 0 0                     0 0 
       3500                                 1 0 1 0 0                     0 0 
       3510                                 0 0 1 0 0                     0 0 
       3520                                 1 0 0 1 0                     0 0 
       3530                                 0 0 0 1 0                     0 0 
       3540                                 1 0 0 0 1                     0 0 
       3550                                 0 0 0 0 1                     0 0 
       3560                                 1 0 0 0 0                     1 0 
       3570                                 0 0 0 0 0                     1 0 
       3580                                 1 0 0 0 0                     0 1 
       3590                                 0 0 0 0 0                     0 1 
       3600                                 1 1 0 0 0                     0 0 
       3610                                 0 1 0 0 0                     0 0 
       3620                                 1 0 1 0 0                     0 0 
       3630                                 0 0 1 0 0                     0 0 
       3640                                 1 0 0 1 0                     0 0 
       3650                                 0 0 0 1 0                     0 0 
       3660                                 1 0 0 0 1                     0 0 
       3670                                 0 0 0 0 1                     0 0 
       3680                                 1 0 0 0 0                     1 0 
       3690                                 0 0 0 0 0                     1 0 
       3700                                 1 0 0 0 0                     0 1 
       3710                                 0 0 0 0 0                     0 1 
       3720                                 1 1 0 0 0                     0 0 
       3730                                 0 1 0 0 0                     0 0 
       3740                                 1 0 1 0 0                     0 0 
       3750                                 0 0 1 0 0                     0 0 
       3760                                 1 0 0 1 0                     0 0 
       3770                                 0 0 0 1 0                     0 0 
       3780                                 1 0 0 0 1                     0 0 
       3790                                 0 0 0 0 1                     0 0 
       3800                                 1 0 0 0 0                     1 0 
       3810                                 0 0 0 0 0                     1 0 
       3820                                 1 0 0 0 0                     0 1 
       3830                                 0 0 0 0 0                     0 1 
       3840                                 1 1 0 0 0                     0 0 
       3850                                 0 1 0 0 0                     0 0 
       3860                                 1 0 1 0 0                     0 0 
       3870                                 0 0 1 0 0                     0 0 
       3880                                 1 0 0 1 0                     0 0 
       3890                                 0 0 0 1 0                     0 0 
       3900                                 1 0 0 0 1                     0 0 
       3910                                 0 0 0 0 1                     0 0 
       3920                                 1 0 0 0 0                     1 0 
       3930                                 0 0 0 0 0                     1 0 
       3940                                 1 0 0 0 0                     0 1 
       3950                                 0 0 0 0 0                     0 1 
       3960                                 1 1 0 0 0                     0 0 
       3970                                 0 1 0 0 0                     0 0 
       3980                                 1 0 1 0 0                     0 0 
       3990                                 0 0 1 0 0                     0 0 
       4000                                 1 0 0 1 0                     0 0 
       4010                                 0 0 0 1 0                     0 0 
       4020                                 1 0 0 0 1                     0 0 
       4030                                 0 0 0 0 1                     0 0 
       4040                                 1 0 0 0 0                     1 0 
       4050                                 0 0 0 0 0                     1 0 
       4060                                 1 0 0 0 0                     0 1 
       4070                                 0 0 0 0 0                     0 1 
       4080                                 1 1 0 0 0                     0 0 
       4090                                 0 1 0 0 0                     0 0 
       4100                                 1 0 1 0 0                     0 0 
       4110                                 0 0 1 0 0                     0 0 
       4120                                 1 0 0 1 0                     0 0 
       4130                                 0 0 0 1 0                     0 0 
       4140                                 1 0 0 0 1                     0 0 
       4150                                 0 0 0 0 1                     0 0 
       4160                                 1 0 0 0 0                     1 0 
       4170                                 0 0 0 0 0                     1 0 
       4180                                 1 0 0 0 0                     0 1 
       4190                                 0 0 0 0 0                     0 1 
       4200                                 1 1 0 0 0                     0 0 
       4210                                 0 1 0 0 0                     0 0 
       4220                                 1 0 1 0 0                     0 0 
       4230                                 0 0 1 0 0                     0 0 
       4240                                 1 0 0 1 0                     0 0 
       4250                                 0 0 0 1 0                     0 0 
       4260                                 1 0 0 0 1                     0 0 
       4270                                 0 0 0 0 1                     0 0 
       4280                                 1 0 0 0 0                     1 0 
       4290                                 0 0 0 0 0                     1 0 
       4300                                 1 0 0 0 0                     0 1 
       4310                                 0 0 0 0 0                     0 1 
       4320                                 1 1 0 0 0                     0 0 
       4330                                 0 1 0 0 0                     0 0 
       4340                                 1 0 1 0 0                     0 0 
       4350                                 0 0 1 0 0                     0 0 
       4360                                 1 0 0 1 0                     0 0 
       4370                                 0 0 0 1 0                     0 0 
       4380                                 1 0 0 0 1                     0 0 
       4390                                 0 0 0 0 1                     0 0 
       4400                                 1 0 0 0 0                     1 0 
       4410                                 0 0 0 0 0                     1 0 
       4420                                 1 0 0 0 0                     0 1 
       4430                                 0 0 0 0 0                     0 1 
       4440                                 1 1 0 0 0                     0 0 
       4450                                 0 1 0 0 0                     0 0 
       4460                                 1 0 1 0 0                     0 0 
       4470                                 0 0 1 0 0                     0 0 
       4480                                 1 0 0 1 0                     0 0 
       4490                                 0 0 0 1 0                     0 0 
       4500                                 1 0 0 0 1                     0 0 
       4510                                 0 0 0 0 1                     0 0 
       4520                                 1 0 0 0 0                     1 0 
       4530                                 0 0 0 0 0                     1 0 
       4540                                 1 0 0 0 0                     0 1 
       4550                                 0 0 0 0 0                     0 1 
       4560                                 1 1 0 0 0                     0 0 
       4570                                 0 1 0 0 0                     0 0 
       4580                                 1 0 1 0 0                     0 0 
       4590                                 0 0 1 0 0                     0 0 
       4600                                 1 0 0 1 0                     0 0 
       4610                                 0 0 0 1 0                     0 0 
       4620                                 1 0 0 0 1                     0 0 
       4630                                 0 0 0 0 1                     0 0 
       4640                                 1 0 0 0 0                     1 0 
       4650                                 0 0 0 0 0                     1 0 
       4660                                 1 0 0 0 0                     0 1 
       4670                                 0 0 0 0 0                     0 1 
       4680                                 1 1 0 0 0                     0 0 
       4690                                 0 1 0 0 0                     0 0 
       4700                                 1 0 1 0 0                     0 0 
       4710                                 0 0 1 0 0                     0 0 
       4720                                 1 0 0 1 0                     0 0 
       4730                                 0 0 0 1 0                     0 0 
       4740                                 1 0 0 0 1                     0 0 
       4750                                 0 0 0 0 1                     0 0 
       4760                                 1 0 0 0 0                     1 0 
       4770                                 0 0 0 0 0                     1 0 
       4780                                 1 0 0 0 0                     0 1 
       4790                                 0 0 0 0 0                     0 1 
       4800                                 1 1 0 0 0                     0 0 
       4810                                 0 1 0 0 0                     0 0 
       4820                                 1 0 1 0 0                     0 0 
       4830                                 0 0 1 0 0                     0 0 
       4840                                 1 0 0 1 0                     0 0 
       4850                                 0 0 0 1 0                     0 0 
       4860                                 1 0 0 0 1                     0 0 
       4870                                 0 0 0 0 1                     0 0 
       4880                                 1 0 0 0 0                     1 0 
       4890                                 0 0 0 0 0                     1 0 
       4900                                 1 0 0 0 0                     0 1 
       4910                                 0 0 0 0 0                     0 1 
       4920                                 1 1 0 0 0                     0 0 
       4930                                 0 1 0 0 0                     0 0 
       4940                                 1 0 1 0 0                     0 0 
       4950                                 0 0 1 0 0                     0 0 
       4960                                 1 0 0 1 0                     0 0 
       4970                                 0 0 0 1 0                     0 0 
       4980                                 1 0 0 0 1                     0 0 
       4990                                 0 0 0 0 1                     0 0 
       5000                                 1 0 0 0 0                     1 0 
       5010                                 0 0 0 0 0                     1 0 
       5020                                 1 0 0 0 0                     0 1 
       5030                                 0 0 0 0 0                     0 1 
       5040                                 1 1 0 0 0                     0 0 
       5050                                 0 1 0 0 0                     0 0 
       5060                                 1 0 1 0 0                     0 0 
       5070                                 0 0 1 0 0                     0 0 
       5080                                 1 0 0 1 0                     0 0 
       5090                                 0 0 0 1 0                     0 0 
       5100                                 1 0 0 0 1                     0 0 
       5110                                 0 0 0 0 1                     0 0 
       5120                                 1 0 0 0 0                     1 0 
       5130                                 0 0 0 0 0                     1 0 
       5140                                 1 0 0 0 0                     0 1 
       5150                                 0 0 0 0 0                     0 1 
       5160                                 1 1 0 0 0                     0 0 
       5170                                 0 1 0 0 0                     0 0 
       5180                                 1 0 1 0 0                     0 0 
       5190                                 0 0 1 0 0                     0 0 
       5200                                 1 0 0 1 0                     0 0 
       5210                                 0 0 0 1 0                     0 0 
       5220                                 1 0 0 0 1                     0 0 
       5230                                 0 0 0 0 1                     0 0 
       5240                                 1 0 0 0 0                     1 0 
       5250                                 0 0 0 0 0                     1 0 
       5260                                 1 0 0 0 0                     0 1 
       5270                                 0 0 0 0 0                     0 1 
       5280                                 1 1 0 0 0                     0 0 
       5290                                 0 1 0 0 0                     0 0 
       5300                                 1 0 1 0 0                     0 0 
       5310                                 0 0 1 0 0                     0 0 
       5320                                 1 0 0 1 0                     0 0 
       5330                                 0 0 0 1 0                     0 0 
       5340                                 1 0 0 0 1                     0 0 
       5350                                 0 0 0 0 1                     0 0 
       5360                                 1 0 0 0 0                     1 0 
       5370                                 0 0 0 0 0                     1 0 
       5380                                 1 0 0 0 0                     0 1 
       5390                                 0 0 0 0 0                     0 1 
       5400                                 1 1 0 0 0                     0 0 
       5410                                 0 1 0 0 0                     0 0 
       5420                                 1 0 1 0 0                     0 0 
       5430                                 0 0 1 0 0                     0 0 
       5440                                 1 0 0 1 0                     0 0 
       5450                                 0 0 0 1 0                     0 0 
       5460                                 1 0 0 0 1                     0 0 
       5470                                 0 0 0 0 1                     0 0 
       5480                                 1 0 0 0 0                     1 0 
       5490                                 0 0 0 0 0                     1 0 
       5500                                 1 0 0 0 0                     0 1 
       5510                                 0 0 0 0 0                     0 1 
       5520                                 1 1 0 0 0                     0 0 
       5530                                 0 1 0 0 0                     0 0 
       5540                                 1 0 1 0 0                     0 0 
       5550                                 0 0 1 0 0                     0 0 
       5560                                 1 0 0 1 0                     0 0 
       5570                                 0 0 0 1 0                     0 0 
       5580                                 1 0 0 0 1                     0 0 
       5590                                 0 0 0 0 1                     0 0 
       5600                                 1 0 0 0 0                     1 0 
       5610                                 0 0 0 0 0                     1 0 
       5620                                 1 0 0 0 0                     0 1 
       5630                                 0 0 0 0 0                     0 1 
       5640                                 1 1 0 0 0                     0 0 
       5650                                 0 1 0 0 0                     0 0 
       5660                                 1 0 1 0 0                     0 0 
       5670                                 0 0 1 0 0                     0 0 
       5680                                 1 0 0 1 0                     0 0 
       5690                                 0 0 0 1 0                     0 0 
       5700                                 1 0 0 0 1                     0 0 
       5710                                 0 0 0 0 1                     0 0 
       5720                                 1 0 0 0 0                     1 0 
       5730                                 0 0 0 0 0                     1 0 
       5740                                 1 0 0 0 0                     0 1 
       5750                                 0 0 0 0 0                     0 1 
       5760                                 1 1 0 0 0                     0 0 
       5770                                 0 1 0 0 0                     0 0 
       5780                                 1 0 1 0 0                     0 0 
       5790                                 0 0 1 0 0                     0 0 
       5800                                 1 0 0 1 0                     0 0 
       5810                                 0 0 0 1 0                     0 0 
       5820                                 1 0 0 0 1                     0 0 
       5830                                 0 0 0 0 1                     0 0 
       5840                                 1 0 0 0 0                     1 0 
       5850                                 0 0 0 0 0                     1 0 
       5860                                 1 0 0 0 0                     0 1 
       5870                                 0 0 0 0 0                     0 1 
       5880                                 1 1 0 0 0                     0 0 
       5890                                 0 1 0 0 0                     0 0 
       5900                                 1 0 1 0 0                     0 0 
       5910                                 0 0 1 0 0                     0 0 
       5920                                 1 0 0 1 0                     0 0 
       5930                                 0 0 0 1 0                     0 0 
       5940                                 1 0 0 0 1                     0 0 
       5950                                 0 0 0 0 1                     0 0 
       5960                                 1 0 0 0 0                     1 0 
       5970                                 0 0 0 0 0                     1 0 
       5980                                 1 0 0 0 0                     0 1 
       5990                                 0 0 0 0 0                     0 1 
       6000                                 1 1 0 0 0                     0 0 
       6010                                 0 1 0 0 0                     0 0 
       6020                                 1 0 1 0 0                     0 0 
       6030                                 0 0 1 0 0                     0 0 
       6040                                 1 0 0 1 0                     0 0 
       6050                                 0 0 0 1 0                     0 0 
       6060                                 1 0 0 0 1                     0 0 
       6070                                 0 0 0 0 1                     0 0 
       6080                                 1 0 0 0 0                     1 0 
       6090                                 0 0 0 0 0                     1 0 
       6100                                 1 0 0 0 0                     0 1 
       6110                                 0 0 0 0 0                     0 1 
       6120                                 1 1 0 0 0                     0 0 
       6130                                 0 1 0 0 0                     0 0 
       6140                                 1 0 1 0 0                     0 0 
       6150                                 0 0 1 0 0                     0 0 
       6160                                 1 0 0 1 0                     0 0 
       6170                                 0 0 0 1 0                     0 0 
       6180                                 1 0 0 0 1                     0 0 
       6190                                 0 0 0 0 1                     0 0 
       6200                                 1 0 0 0 0                     1 0 
       6210                                 0 0 0 0 0                     1 0 
       6220                                 1 0 0 0 0                     0 1 
       6230                                 0 0 0 0 0                     0 1 
       6240                                 1 1 0 0 0                     0 0 
       6250                                 0 1 0 0 0                     0 0 
       6260                                 1 0 1 0 0                     0 0 
       6270                                 0 0 1 0 0                     0 0 
       6280                                 1 0 0 1 0                     0 0 
       6290                                 0 0 0 1 0                     0 0 
       6300                                 1 0 0 0 1                     0 0 
       6310                                 0 0 0 0 1                     0 0 
       6320                                 1 0 0 0 0                     1 0 
       6330                                 0 0 0 0 0                     1 0 
       6340                                 1 0 0 0 0                     0 1 
       6350                                 0 0 0 0 0                     0 1 
       6360                                 1 1 0 0 0                     0 0 
       6370                                 0 1 0 0 0                     0 0 
       6380                                 1 0 1 0 0                     0 0 
       6390                                 0 0 1 0 0                     0 0 
       6400                                 1 0 0 1 0                     0 0 
       6410                                 0 0 0 1 0                     0 0 
       6420                                 1 0 0 0 1                     0 0 
       6430                                 0 0 0 0 1                     0 0 
       6440                                 1 0 0 0 0                     1 0 
       6450                                 0 0 0 0 0                     1 0 
       6460                                 1 0 0 0 0                     0 1 
       6470                                 0 0 0 0 0                     0 1 
       6480                                 1 1 0 0 0                     0 0 
       6490                                 0 1 0 0 0                     0 0 
       6500                                 1 0 1 0 0                     0 0 
       6510                                 0 0 1 0 0                     0 0 
       6520                                 1 0 0 1 0                     0 0 
       6530                                 0 0 0 1 0                     0 0 
       6540                                 1 0 0 0 1                     0 0 
       6550                                 0 0 0 0 1                     0 0 
       6560                                 1 0 0 0 0                     1 0 
       6570                                 0 0 0 0 0                     1 0 
       6580                                 1 0 0 0 0                     0 1 
       6590                                 0 0 0 0 0                     0 1 
       6600                                 1 1 0 0 0                     0 0 
       6610                                 0 1 0 0 0                     0 0 
       6620                                 1 0 1 0 0                     0 0 
       6630                                 0 0 1 0 0                     0 0 
       6640                                 1 0 0 1 0                     0 0 
       6650                                 0 0 0 1 0                     0 0 
       6660                                 1 0 0 0 1                     0 0 
       6670                                 0 0 0 0 1                     0 0 
       6680                                 1 0 0 0 0                     1 0 
       6690                                 0 0 0 0 0                     1 0 
       6700                                 1 0 0 0 0                     0 1 
       6710                                 0 0 0 0 0                     0 1 
       6720                                 1 1 0 0 0                     0 0 
       6730                                 0 1 0 0 0                     0 0 
       6740                                 1 0 1 0 0                     0 0 
       6750                                 0 0 1 0 0                     0 0 
       6760                                 1 0 0 1 0                     0 0 
       6770                                 0 0 0 1 0                     0 0 
       6780                                 1 0 0 0 1                     0 0 
       6790                                 0 0 0 0 1                     0 0 
       6800                                 1 0 0 0 0                     1 0 
       6810                                 0 0 0 0 0                     1 0 
       6820                                 1 0 0 0 0                     0 1 
       6830                                 0 0 0 0 0                     0 1 
       6840                                 1 1 0 0 0                     0 0 
       6850                                 0 1 0 0 0                     0 0 
       6860                                 1 0 1 0 0                     0 0 
       6870                                 0 0 1 0 0                     0 0 
       6880                                 1 0 0 1 0                     0 0 
       6890                                 0 0 0 1 0                     0 0 
       6900                                 1 0 0 0 1                     0 0 
       6910                                 0 0 0 0 1                     0 0 
       6920                                 1 0 0 0 0                     1 0 
       6930                                 0 0 0 0 0                     1 0 
       6940                                 1 0 0 0 0                     0 1 
       6950                                 0 0 0 0 0                     0 1 
       6960                                 1 1 0 0 0                     0 0 
       6970                                 0 1 0 0 0                     0 0 
       6980                                 1 0 1 0 0                     0 0 
       6990                                 0 0 1 0 0                     0 0 
       7000                                 1 0 0 1 0                     0 0 
       7010                                 0 0 0 1 0                     0 0 
       7020                                 1 0 0 0 1                     0 0 
       7030                                 0 0 0 0 1                     0 0 
       7040                                 1 0 0 0 0                     1 0 
       7050                                 0 0 0 0 0                     1 0 
       7060                                 1 0 0 0 0                     0 1 
       7070                                 0 0 0 0 0                     0 1 
       7080                                 1 1 0 0 0                     0 0 
       7090                                 0 1 0 0 0                     0 0 
       7100                                 1 0 1 0 0                     0 0 
       7110                                 0 0 1 0 0                     0 0 
       7120                                 1 0 0 1 0                     0 0 
       7130                                 0 0 0 1 0                     0 0 
       7140                                 1 0 0 0 1                     0 0 
       7150                                 0 0 0 0 1                     0 0 
       7160                                 1 0 0 0 0                     1 0 
       7170                                 0 0 0 0 0                     1 0 
       7180                                 1 0 0 0 0                     0 1 
       7190                                 0 0 0 0 0                     0 1 
       7200                                 1 1 0 0 0                     0 0 
       7210                                 0 1 0 0 0                     0 0 
       7220                                 1 0 1 0 0                     0 0 
       7230                                 0 0 1 0 0                     0 0 
       7240                                 1 0 0 1 0                     0 0 
       7250                                 0 0 0 1 0                     0 0 
       7260                                 1 0 0 0 1                     0 0 
       7270                                 0 0 0 0 1                     0 0 
       7280                                 1 0 0 0 0                     1 0 
       7290                                 0 0 0 0 0                     1 0 
       7300                                 1 0 0 0 0                     0 1 
       7310                                 0 0 0 0 0                     0 1 
       7320                                 1 1 0 0 0                     0 0 
       7330                                 0 1 0 0 0                     0 0 
       7340                                 1 0 1 0 0                     0 0 
       7350                                 0 0 1 0 0                     0 0 
       7360                                 1 0 0 1 0                     0 0 
       7370                                 0 0 0 1 0                     0 0 
       7380                                 1 0 0 0 1                     0 0 
       7390                                 0 0 0 0 1                     0 0 
       7400                                 1 0 0 0 0                     1 0 
       7410                                 0 0 0 0 0                     1 0 
       7420                                 1 0 0 0 0                     0 1 
       7430                                 0 0 0 0 0                     0 1 
       7440                                 1 1 0 0 0                     0 0 
       7450                                 0 1 0 0 0                     0 0 
       7460                                 1 0 1 0 0                     0 0 
       7470                                 0 0 1 0 0                     0 0 
       7480                                 1 0 0 1 0                     0 0 
       7490                                 0 0 0 1 0                     0 0 
       7500                                 1 0 0 0 1                     0 0 
       7510                                 0 0 0 0 1                     0 0 
       7520                                 1 0 0 0 0                     1 0 
       7530                                 0 0 0 0 0                     1 0 
       7540                                 1 0 0 0 0                     0 1 
       7550                                 0 0 0 0 0                     0 1 
       7560                                 1 1 0 0 0                     0 0 
       7570                                 0 1 0 0 0                     0 0 
       7580                                 1 0 1 0 0                     0 0 
       7590                                 0 0 1 0 0                     0 0 
       7600                                 1 0 0 1 0                     0 0 
       7610                                 0 0 0 1 0                     0 0 
       7620                                 1 0 0 0 1                     0 0 
       7630                                 0 0 0 0 1                     0 0 
       7640                                 1 0 0 0 0                     1 0 
       7650                                 0 0 0 0 0                     1 0 
       7660                                 1 0 0 0 0                     0 1 
       7670                                 0 0 0 0 0                     0 1 
       7680                                 1 1 0 0 0                     0 0 
       7690                                 0 1 0 0 0                     0 0 
       7700                                 1 0 1 0 0                     0 0 
       7710                                 0 0 1 0 0                     0 0 
       7720                                 1 0 0 1 0                     0 0 
       7730                                 0 0 0 1 0                     0 0 
       7740                                 1 0 0 0 1                     0 0 
       7750                                 0 0 0 0 1                     0 0 
       7760                                 1 0 0 0 0                     1 0 
       7770                                 0 0 0 0 0                     1 0 
       7780                                 1 0 0 0 0                     0 1 
       7790                                 0 0 0 0 0                     0 1 
       7800                                 1 1 0 0 0                     0 0 
       7810                                 0 1 0 0 0                     0 0 
       7820                                 1 0 1 0 0                     0 0 
       7830                                 0 0 1 0 0                     0 0 
       7840                                 1 0 0 1 0                     0 0 
       7850                                 0 0 0 1 0                     0 0 
       7860                                 1 0 0 0 1                     0 0 
       7870                                 0 0 0 0 1                     0 0 
       7880                                 1 0 0 0 0                     1 0 
       7890                                 0 0 0 0 0                     1 0 
       7900                                 1 0 0 0 0                     0 1 
       7910                                 0 0 0 0 0                     0 1 
       7920                                 1 1 0 0 0                     0 0 
       7930                                 0 1 0 0 0                     0 0 
       7940                                 1 0 1 0 0                     0 0 
       7950                                 0 0 1 0 0                     0 0 
       7960                                 1 0 0 1 0                     0 0 
       7970                                 0 0 0 1 0                     0 0 
       7980                                 1 0 0 0 1                     0 0 
       7990                                 0 0 0 0 1                     0 0 
       8000                                 1 0 0 0 0                     1 0 
       8010                                 0 0 0 0 0                     1 0 
       8020                                 1 0 0 0 0                     0 1 
       8030                                 0 0 0 0 0                     0 1 
       8040                                 1 1 0 0 0                     0 0 
       8050                                 0 1 0 0 0                     0 0 
       8060                                 1 0 1 0 0                     0 0 
       8070                                 0 0 1 0 0                     0 0 
       8080                                 1 0 0 1 0                     0 0 
       8090                                 0 0 0 1 0                     0 0 
       8100                                 1 0 0 0 1                     0 0 
       8110                                 0 0 0 0 1                     0 0 
       8120                                 1 0 0 0 0                     1 0 
       8130                                 0 0 0 0 0                     1 0 
       8140                                 1 0 0 0 0                     0 1 
       8150                                 0 0 0 0 0                     0 1 
       8160                                 1 1 0 0 0                     0 0 
       8170                                 0 1 0 0 0                     0 0 
       8180                                 1 0 1 0 0                     0 0 
       8190                                 0 0 1 0 0                     0 0 
       8200                                 1 0 0 1 0                     0 0 
       8210                                 0 0 0 1 0                     0 0 
       8220                                 1 0 0 0 1                     0 0 
       8230                                 0 0 0 0 1                     0 0 
       8240                                 1 0 0 0 0                     1 0 
       8250                                 0 0 0 0 0                     1 0 
       8260                                 1 0 0 0 0                     0 1 
       8270                                 0 0 0 0 0                     0 1 
       8280                                 1 1 0 0 0                     0 0 
       8290                                 0 1 0 0 0                     0 0 
       8300                                 1 0 1 0 0                     0 0 
       8310                                 0 0 1 0 0                     0 0 
       8320                                 1 0 0 1 0                     0 0 
       8330                                 0 0 0 1 0                     0 0 
       8340                                 1 0 0 0 1                     0 0 
       8350                                 0 0 0 0 1                     0 0 
       8360                                 1 0 0 0 0                     1 0 
       8370                                 0 0 0 0 0                     1 0 
       8380                                 1 0 0 0 0                     0 1 
       8390                                 0 0 0 0 0                     0 1 
       8400                                 1 1 0 0 0                     0 0 
       8410                                 0 1 0 0 0                     0 0 
       8420                                 1 0 1 0 0                     0 0 
       8430                                 0 0 1 0 0                     0 0 
       8440                                 1 0 0 1 0                     0 0 
       8450                                 0 0 0 1 0                     0 0 
       8460                                 1 0 0 0 1                     0 0 
       8470                                 0 0 0 0 1                     0 0 
       8480                                 1 0 0 0 0                     1 0 
       8490                                 0 0 0 0 0                     1 0 
       8500                                 1 0 0 0 0                     0 1 
       8510                                 0 0 0 0 0                     0 1 
       8520                                 1 1 0 0 0                     0 0 
       8530                                 0 1 0 0 0                     0 0 
       8540                                 1 0 1 0 0                     0 0 
       8550                                 0 0 1 0 0                     0 0 
       8560                                 1 0 0 1 0                     0 0 
       8570                                 0 0 0 1 0                     0 0 
       8580                                 1 0 0 0 1                     0 0 
       8590                                 0 0 0 0 1                     0 0 
       8600                                 1 0 0 0 0                     1 0 
       8610                                 0 0 0 0 0                     1 0 
       8620                                 1 0 0 0 0                     0 1 
       8630                                 0 0 0 0 0                     0 1 
       8640                                 1 1 0 0 0                     0 0 
       8650                                 0 1 0 0 0                     0 0 
       8660                                 1 0 1 0 0                     0 0 
       8670                                 0 0 1 0 0                     0 0 
       8680                                 1 0 0 1 0                     0 0 
       8690                                 0 0 0 1 0                     0 0 
       8700                                 1 0 0 0 1                     0 0 
       8710                                 0 0 0 0 1                     0 0 
       8720                                 1 0 0 0 0                     1 0 
       8730                                 0 0 0 0 0                     1 0 
       8740                                 1 0 0 0 0                     0 1 
       8750                                 0 0 0 0 0                     0 1 
       8760                                 1 1 0 0 0                     0 0 
       8770                                 0 1 0 0 0                     0 0 
       8780                                 1 0 1 0 0                     0 0 
       8790                                 0 0 1 0 0                     0 0 
       8800                                 1 0 0 1 0                     0 0 
       8810                                 0 0 0 1 0                     0 0 
       8820                                 1 0 0 0 1                     0 0 
       8830                                 0 0 0 0 1                     0 0 
       8840                                 1 0 0 0 0                     1 0 
       8850                                 0 0 0 0 0                     1 0 
       8860                                 1 0 0 0 0                     0 1 
       8870                                 0 0 0 0 0                     0 1 
       8880                                 1 1 0 0 0                     0 0 
       8890                                 0 1 0 0 0                     0 0 
       8900                                 1 0 1 0 0                     0 0 
       8910                                 0 0 1 0 0                     0 0 
       8920                                 1 0 0 1 0                     0 0 
       8930                                 0 0 0 1 0                     0 0 
       8940                                 1 0 0 0 1                     0 0 
       8950                                 0 0 0 0 1                     0 0 
       8960                                 1 0 0 0 0                     1 0 
       8970                                 0 0 0 0 0                     1 0 
       8980                                 1 0 0 0 0                     0 1 
       8990                                 0 0 0 0 0                     0 1 
       9000                                 1 1 0 0 0                     0 0 
       9010                                 0 1 0 0 0                     0 0 
       9020                                 1 0 1 0 0                     0 0 
       9030                                 0 0 1 0 0                     0 0 
       9040                                 1 0 0 1 0                     0 0 
       9050                                 0 0 0 1 0                     0 0 
       9060                                 1 0 0 0 1                     0 0 
       9070                                 0 0 0 0 1                     0 0 
       9080                                 1 0 0 0 0                     1 0 
       9090                                 0 0 0 0 0                     1 0 
       9100                                 1 0 0 0 0                     0 1 
       9110                                 0 0 0 0 0                     0 1 
       9120                                 1 1 0 0 0                     0 0 
       9130                                 0 1 0 0 0                     0 0 
       9140                                 1 0 1 0 0                     0 0 
       9150                                 0 0 1 0 0                     0 0 
       9160                                 1 0 0 1 0                     0 0 
       9170                                 0 0 0 1 0                     0 0 
       9180                                 1 0 0 0 1                     0 0 
       9190                                 0 0 0 0 1                     0 0 
       9200                                 1 0 0 0 0                     1 0 
       9210                                 0 0 0 0 0                     1 0 
       9220                                 1 0 0 0 0                     0 1 
       9230                                 0 0 0 0 0                     0 1 
       9240                                 1 1 0 0 0                     0 0 
       9250                                 0 1 0 0 0                     0 0 
       9260                                 1 0 1 0 0                     0 0 
       9270                                 0 0 1 0 0                     0 0 
       9280                                 1 0 0 1 0                     0 0 
       9290                                 0 0 0 1 0                     0 0 
       9300                                 1 0 0 0 1                     0 0 
       9310                                 0 0 0 0 1                     0 0 
       9320                                 1 0 0 0 0                     1 0 
       9330                                 0 0 0 0 0                     1 0 
       9340                                 1 0 0 0 0                     0 1 
       9350                                 0 0 0 0 0                     0 1 
       9360                                 1 1 0 0 0                     0 0 
       9370                                 0 1 0 0 0                     0 0 
       9380                                 1 0 1 0 0                     0 0 
       9390                                 0 0 1 0 0                     0 0 
       9400                                 1 0 0 1 0                     0 0 
       9410                                 0 0 0 1 0                     0 0 
       9420                                 1 0 0 0 1                     0 0 
       9430                                 0 0 0 0 1                     0 0 
       9440                                 1 0 0 0 0                     1 0 
       9450                                 0 0 0 0 0                     1 0 
       9460                                 1 0 0 0 0                     0 1 
       9470                                 0 0 0 0 0                     0 1 
       9480                                 1 1 0 0 0                     0 0 
       9490                                 0 1 0 0 0                     0 0 
       9500                                 1 0 1 0 0                     0 0 
       9510                                 0 0 1 0 0                     0 0 
       9520                                 1 0 0 1 0                     0 0 
       9530                                 0 0 0 1 0                     0 0 
       9540                                 1 0 0 0 1                     0 0 
       9550                                 0 0 0 0 1                     0 0 
       9560                                 1 0 0 0 0                     1 0 
       9570                                 0 0 0 0 0                     1 0 
       9580                                 1 0 0 0 0                     0 1 
       9590                                 0 0 0 0 0                     0 1 
       9600                                 1 1 0 0 0                     0 0 
       9610                                 0 1 0 0 0                     0 0 
       9620                                 1 0 1 0 0                     0 0 
       9630                                 0 0 1 0 0                     0 0 
       9640                                 1 0 0 1 0                     0 0 
       9650                                 0 0 0 1 0                     0 0 
       9660                                 1 0 0 0 1                     0 0 
       9670                                 0 0 0 0 1                     0 0 
       9680                                 1 0 0 0 0                     1 0 
       9690                                 0 0 0 0 0                     1 0 
       9700                                 1 0 0 0 0                     0 1 
       9710                                 0 0 0 0 0                     0 1 
       9720                                 1 1 0 0 0                     0 0 
       9730                                 0 1 0 0 0                     0 0 
       9740                                 1 0 1 0 0                     0 0 
       9750                                 0 0 1 0 0                     0 0 
       9760                                 1 0 0 1 0                     0 0 
       9770                                 0 0 0 1 0                     0 0 
       9780                                 1 0 0 0 1                     0 0 
       9790                                 0 0 0 0 1                     0 0 
       9800                                 1 0 0 0 0                     1 0 
       9810                                 0 0 0 0 0                     1 0 
       9820                                 1 0 0 0 0                     0 1 
       9830                                 0 0 0 0 0                     0 1 
       9840                                 1 1 0 0 0                     0 0 
       9850                                 0 1 0 0 0                     0 0 
       9860                                 1 0 1 0 0                     0 0 
       9870                                 0 0 1 0 0                     0 0 
       9880                                 1 0 0 1 0                     0 0 
       9890                                 0 0 0 1 0                     0 0 
       9900                                 1 0 0 0 1                     0 0 
       9910                                 0 0 0 0 1                     0 0 
       9920                                 1 0 0 0 0                     1 0 
       9930                                 0 0 0 0 0                     1 0 
       9940                                 1 0 0 0 0                     0 1 
       9950                                 0 0 0 0 0                     0 1 
       9960                                 1 1 0 0 0                     0 0 
       9970                                 0 1 0 0 0                     0 0 
       9980                                 1 0 1 0 0                     0 0 
       9990                                 0 0 1 0 0                     0 0 
      10000                                 1 0 0 1 0                     0 0 
